SF:lib/presenter/home/cubits/image_viewer_state.dart
DA:4,1
DA:10,1
LF:2
LH:2
end_of_record
SF:lib/presenter/home/cubits/image_viewer_cubit.dart
DA:6,1
DA:7,2
DA:9,1
DA:10,2
LF:4
LH:4
end_of_record
SF:lib/domain/entities/motel.dart
DA:4,4
LF:1
LH:1
end_of_record
SF:lib/core/errors/errors.dart
DA:2,3
DA:8,3
LF:2
LH:2
end_of_record
SF:lib/domain/use_cases/get_motels_use_case.dart
DA:10,1
DA:14,1
DA:17,2
DA:19,1
LF:4
LH:4
end_of_record
SF:lib/presenter/home/cubits/home_state.dart
DA:4,1
DA:10,1
DA:12,1
DA:15,1
DA:18,0
DA:19,0
DA:23,2
DA:25,1
DA:28,4
DA:31,0
DA:32,0
DA:36,1
DA:40,1
DA:43,1
DA:44,0
DA:45,0
DA:48,0
DA:49,0
LF:18
LH:10
end_of_record
SF:lib/presenter/home/cubits/home_cubit.dart
DA:10,3
DA:14,1
DA:16,2
DA:17,2
DA:18,2
DA:19,1
DA:20,5
DA:22,4
LF:8
LH:8
end_of_record
SF:lib/core/network/network_response.dart
DA:6,1
DA:22,3
DA:26,1
DA:28,2
DA:29,0
DA:30,0
LF:6
LH:4
end_of_record
SF:lib/domain/entities/suite.dart
DA:5,2
DA:23,3
LF:2
LH:2
end_of_record
SF:lib/domain/entities/suite_category_item.dart
DA:2,1
LF:1
LH:1
end_of_record
SF:lib/domain/entities/suite_period.dart
DA:2,2
DA:18,1
DA:19,1
DA:21,5
LF:4
LH:4
end_of_record
SF:lib/infra/models/api_response.dart
DA:8,1
DA:10,1
DA:11,1
DA:19,1
DA:29,2
LF:5
LH:5
end_of_record
SF:lib/infra/models/api_response.g.dart
DA:9,2
DA:10,1
DA:11,2
DA:14,2
DA:15,2
DA:16,2
DA:17,2
DA:18,2
DA:19,2
DA:20,2
DA:21,1
DA:22,3
DA:23,1
LF:13
LH:13
end_of_record
SF:lib/infra/models/motel_response.dart
DA:9,1
DA:20,1
DA:21,1
DA:32,2
DA:33,1
DA:34,1
DA:35,1
DA:36,1
DA:37,1
DA:38,5
DA:39,1
DA:40,1
LF:12
LH:12
end_of_record
SF:lib/infra/models/motel_response.g.dart
DA:9,1
DA:10,1
DA:11,1
DA:12,1
DA:13,1
DA:14,2
DA:15,2
DA:16,1
DA:17,3
DA:18,1
DA:19,2
DA:20,2
LF:12
LH:12
end_of_record
SF:lib/infra/models/suite_response.dart
DA:10,1
DA:20,1
DA:21,1
DA:31,2
DA:32,1
DA:33,1
DA:34,1
DA:35,1
DA:36,5
DA:38,5
DA:39,5
DA:45,1
DA:47,1
DA:48,1
DA:55,1
DA:57,1
DA:58,1
DA:63,1
DA:64,3
LF:19
LH:19
end_of_record
SF:lib/infra/models/suite_response.g.dart
DA:9,1
DA:10,1
DA:11,1
DA:12,2
DA:13,1
DA:14,4
DA:15,1
DA:16,3
DA:17,1
DA:18,1
DA:19,3
DA:20,1
DA:21,1
DA:22,3
DA:23,1
DA:26,1
DA:27,1
DA:28,1
DA:31,1
DA:33,1
DA:34,1
DA:35,1
LF:22
LH:22
end_of_record
SF:lib/infra/models/suite_period_response.dart
DA:8,1
DA:17,1
DA:18,1
DA:27,2
DA:28,1
DA:29,1
DA:30,1
DA:31,1
DA:32,1
DA:33,2
DA:39,1
DA:41,1
DA:42,1
LF:13
LH:13
end_of_record
SF:lib/infra/models/suite_period_response.g.dart
DA:9,1
DA:10,1
DA:11,1
DA:12,1
DA:13,2
DA:14,2
DA:15,1
DA:16,1
DA:18,2
DA:21,2
DA:22,2
LF:11
LH:11
end_of_record
SF:lib/infra/repositories/motel_repository_impl.dart
DA:10,1
DA:14,1
DA:17,3
DA:19,2
DA:21,2
DA:22,1
DA:25,6
DA:27,1
LF:8
LH:8
end_of_record
